TN:
SF:src\configs.ts
FNF:0
FNH:0
DA:1,1
DA:2,1
DA:4,1
LF:3
LH:3
BRDA:4,0,0,1
BRDA:4,0,1,0
BRF:2
BRH:1
end_of_record
TN:
SF:src\middlewares\auth.ts
FN:10,(anonymous_1)
FN:19,(anonymous_2)
FNF:2
FNH:1
FNDA:1,(anonymous_1)
FNDA:0,(anonymous_2)
DA:3,1
DA:4,1
DA:10,1
DA:15,1
DA:16,1
DA:17,1
DA:19,0
DA:20,0
DA:21,0
DA:22,0
LF:10
LH:6
BRDA:15,0,0,1
BRDA:15,0,1,0
BRDA:15,1,0,1
BRDA:15,1,1,1
BRDA:16,2,0,1
BRDA:20,3,0,0
BRDA:21,4,0,0
BRDA:21,4,1,0
BRDA:21,5,0,0
BRDA:21,5,1,0
BRF:10
BRH:4
end_of_record
TN:
SF:src\tests\mocks.ts
FNF:0
FNH:0
DA:1,1
LF:1
LH:1
BRF:0
BRH:0
end_of_record
TN:
SF:src\utils\metricHelpers.ts
FN:1,(anonymous_0)
FNF:1
FNH:1
FNDA:4,(anonymous_0)
DA:1,1
DA:2,4
DA:4,1
DA:6,1
DA:8,0
DA:10,1
DA:12,1
DA:13,1
DA:14,0
DA:16,1
DA:17,1
DA:18,1
DA:19,16
DA:20,2
DA:21,2
DA:22,14
DA:23,3
DA:26,1
LF:18
LH:16
BRDA:2,0,0,1
BRDA:2,0,1,1
BRDA:2,0,2,0
BRDA:2,0,3,1
BRDA:2,0,4,1
BRDA:4,1,0,0
BRDA:4,1,1,1
BRDA:4,2,0,0
BRDA:4,2,1,1
BRDA:4,3,0,1
BRDA:4,3,1,1
BRDA:6,4,0,0
BRDA:6,4,1,1
BRDA:6,5,0,0
BRDA:6,5,1,1
BRDA:6,6,0,1
BRDA:6,6,1,1
BRDA:8,7,0,0
BRDA:8,7,1,0
BRDA:8,8,0,0
BRDA:8,8,1,0
BRDA:8,9,0,0
BRDA:8,9,1,0
BRDA:10,10,0,0
BRDA:10,10,1,1
BRDA:10,11,0,0
BRDA:10,11,1,1
BRDA:10,12,0,1
BRDA:10,12,1,1
BRDA:12,13,0,1
BRDA:12,13,1,0
BRDA:13,14,0,0
BRDA:19,15,0,2
BRDA:19,15,1,14
BRDA:22,16,0,3
BRF:35
BRH:20
end_of_record
